Arguments: 
  C:\Program Files\nodejs\node.exe C:\Users\pc\AppData\Roaming\npm\node_modules\yarn\bin\yarn.js install

PATH: 
  C:\Windows\system32;C:\Windows;C:\Windows\System32\Wbem;C:\Windows\System32\WindowsPowerShell\v1.0\;C:\Windows\System32\OpenSSH\;C:\Program Files (x86)\dotnet\;C:\Program Files\Git\cmd;C:\node-v16.19.0-win-x86;C:\Windows\system32;C:\Users\pc\AppData\Local\Android\Sdk\Platform-tools;C:\Users\pc\AppData\Roaming\nvm;C:\Program Files\nodejs;C:\xampp\php;C:\ProgramData\ComposerSetup\bin;C:\xampp\mysql\bin;C:\Windows\system32;C:\Windows;C:\Windows\System32\Wbem;C:\Windows\System32\WindowsPowerShell\v1.0\;C:\Windows\System32\OpenSSH\;C:\Program Files (x86)\dotnet\;C:\Program Files\Git\cmd;C:\node-v16.19.0-win-x86;C:\Windows\system32;C:\Program Files\PuTTY\;C:\Users\pc\AppData\Local\Android\Sdk\Platform-tools;C:\Users\pc\AppData\Roaming\nvm;C:\Program Files\nodejs;C:\xampp\php;C:\ProgramData\ComposerSetup\bin;C:\Users\pc\.console-ninja\.bin;C:\Users\pc\AppData\Local\Microsoft\WindowsApps;C:\Program Files\Git;C:\Users\pc\AppData\Local\Programs\Microsoft VS Code\bin;C:\jdk-17.0.5_windows-x64_bin;C:\Users\pc\AppData\Roaming\npm;C:\Users\pc\AppData\Roaming\nvm;C:\Program Files\nodejs;C:\Users\pc\AppData\Roaming\Composer\vendor\bin;C:\xampp\mysql\bin;

Yarn version: 
  1.22.19

Node version: 
  18.12.1

Platform: 
  win32 x64

Trace: 
  Error: getaddrinfo ENOTFOUND registry.yarnpkg.com
      at GetAddrInfoReqWrap.onlookup [as oncomplete] (node:dns:107:26)

npm manifest: 
  {
    "name": "functions",
    "description": "Cloud Functions for Firebase",
    "scripts": {
      "serve": "firebase emulators:start --only functions",
      "shell": "firebase functions:shell",
      "start": "npm run shell",
      "deploy": "firebase deploy --only functions",
      "logs": "firebase functions:log"
    },
    "engines": {
      "node": "18"
    },
    "main": "index.js",
    "dependencies": {
      "firebase-admin": "^11.8.0",
      "firebase-functions": "^4.3.1"
    },
    "devDependencies": {
      "firebase-functions-test": "^3.1.0"
    },
    "private": true
  }

yarn manifest: 
  No manifest

Lockfile: 
  No lockfile
